<?xml version="1.0" encoding="UTF-8"?>
<testsuite xmlns:xsi="http://www.w3.org/2001/XMLSchema-instance" xsi:noNamespaceSchemaLocation="https://maven.apache.org/surefire/maven-surefire-plugin/xsd/surefire-test-report-3.0.xsd" version="3.0" name="com.example.model.EmployeeValidationTest" time="1.312" tests="10" errors="0" skipped="0" failures="0">
  <properties>
[...]
</properties>
  <testcase name="validEmployee_shouldHaveNoViolations" classname="com.example.model.EmployeeValidationTest" time="0.284">
    <system-out><![CDATA[2026-04-23 20:58:22 [main] INFO  o.h.validator.internal.util.Version - HV000001: Hibernate Validator 8.0.1.Final
]]></system-out>
  </testcase>
  <testcase name="blankPosition_shouldFailValidation" classname="com.example.model.EmployeeValidationTest" time="0.011"/>
  <testcase name="blankContactNumber_shouldFailValidation" classname="com.example.model.EmployeeValidationTest" time="0.004"/>
  <testcase name="blankName_shouldFailValidation" classname="com.example.model.EmployeeValidationTest" time="0.003"/>
  <testcase name="lettersInContactNumber_shouldFailValidation" classname="com.example.model.EmployeeValidationTest" time="0.003"/>
  <testcase name="blankEmail_shouldFailValidation" classname="com.example.model.EmployeeValidationTest" time="0.003"/>
  <testcase name="shortContactNumber_shouldFailValidation" classname="com.example.model.EmployeeValidationTest" time="0.002"/>
  <testcase name="invalidEmail_shouldFailValidation" classname="com.example.model.EmployeeValidationTest" time="0.003"/>
  <testcase name="nullName_shouldFailValidation" classname="com.example.model.EmployeeValidationTest" time="0.003"/>
  <testcase name="allFieldsBlank_shouldProduceMultipleViolations" classname="com.example.model.EmployeeValidationTest" time="0.003"/>
</testsuite>